<?xml version="1.0" encoding="UTF-8"?>
<robot generator="Robot 4.0.3 (Python 3.11.0 on win32)" generated="20230202 10:21:52.150" rpa="false" schemaversion="2">
<suite id="s1" name="Squash" source="c:\Users\aandre\Desktop\DepotGit\RequestLibrary\squash.robot">
<test id="s1-t1" name="POST and DELETE Request With Json">
<kw name="Create Dictionary" library="BuiltIn">
<var>${body}</var>
<arg>name=Request</arg>
<arg>url=https://github.com/AdrianANDRE/RobotTestCharacter.git</arg>
<doc>Creates and returns a dictionary based on the given ``items``.</doc>
<msg timestamp="20230202 10:21:52.298" level="INFO">${body} = {'name': 'Request', 'url': 'https://github.com/AdrianANDRE/RobotTestCharacter.git'}</msg>
<status status="PASS" starttime="20230202 10:21:52.297" endtime="20230202 10:21:52.301"/>
</kw>
<kw name="POST" library="RequestsLibrary">
<var>${resp}</var>
<arg>${endpoint}</arg>
<arg>json=${body}</arg>
<doc>Sends a POST request.</doc>
<msg timestamp="20230202 10:21:52.593" level="INFO">POST Request : url=https://admin:admin@acceptance.squashtest.org/nightly-mariadb/squash-tm/api/rest/latest/test-automation-servers 
 path_url=/nightly-mariadb/squash-tm/api/rest/latest/test-automation-servers 
 headers={'User-Agent': 'python-requests/2.28.1', 'Accept-Encoding': 'gzip, deflate', 'Accept': '*/*', 'Connection': 'keep-alive', 'Content-Length': '83', 'Content-Type': 'application/json', 'Authorization': 'Basic YWRtaW46YWRtaW4='} 
 body=b'{"name": "Request", "url": "https://github.com/AdrianANDRE/RobotTestCharacter.git"}' 
 </msg>
<msg timestamp="20230202 10:21:52.593" level="INFO">POST Response : url=https://admin:admin@acceptance.squashtest.org/nightly-mariadb/squash-tm/api/rest/latest/test-automation-servers 
 status=201, reason=Created 
 headers={'Cache-Control': 'no-cache, no-store, max-age=0, must-revalidate', 'Content-Type': 'application/json', 'Date': 'Thu, 02 Feb 2023 09:21:52 GMT', 'Expires': '0', 'Pragma': 'no-cache', 'Set-Cookie': 'JSESSIONID=4E93BAE657CDA94826B7B81F680DCE1D; Path=/nightly-mariadb/squash-tm; HttpOnly', 'X-Content-Type-Options': 'nosniff', 'X-Frame-Options': 'DENY', 'X-Xss-Protection': '1; mode=block', 'Transfer-Encoding': 'chunked'} 
 body={
  "_type" : "test-automation-server",
  "id" : 12,
  "name" : "Request",
  "url" : "https://github.com/AdrianANDRE/RobotTestCharacter.git",
  "kind" : "jenkins",
  "manual_agent_selection" : false,
  "description" : "",
  "created_by" : "admin",
  "created_on" : "2023-02-02T09:21:52.564+00:00",
  "_links" : {
    "self" : {
      "href" : "http://acceptance.squashtest.org/nightly-mariadb/squash-tm/api/rest/latest/test-automation-servers/12"
    }
  }
} 
 </msg>
<msg timestamp="20230202 10:21:52.594" level="INFO">${resp} = &lt;Response [201]&gt;</msg>
<status status="PASS" starttime="20230202 10:21:52.302" endtime="20230202 10:21:52.594"/>
</kw>
<kw name="Status Should Be" library="RequestsLibrary">
<arg>201</arg>
<arg>${resp}</arg>
<doc>Fails if response status code is different than the expected.</doc>
<status status="PASS" starttime="20230202 10:21:52.595" endtime="20230202 10:21:52.595"/>
</kw>
<kw name="DELETE" library="RequestsLibrary">
<arg>url=${endpoint}/${resp.json()}[id]</arg>
<doc>Sends a DELETE request.</doc>
<msg timestamp="20230202 10:21:52.840" level="INFO">DELETE Request : url=https://admin:admin@acceptance.squashtest.org/nightly-mariadb/squash-tm/api/rest/latest/test-automation-servers/12 
 path_url=/nightly-mariadb/squash-tm/api/rest/latest/test-automation-servers/12 
 headers={'User-Agent': 'python-requests/2.28.1', 'Accept-Encoding': 'gzip, deflate', 'Accept': '*/*', 'Connection': 'keep-alive', 'Content-Length': '0', 'Authorization': 'Basic YWRtaW46YWRtaW4='} 
 body=None 
 </msg>
<msg timestamp="20230202 10:21:52.840" level="INFO">DELETE Response : url=https://admin:admin@acceptance.squashtest.org/nightly-mariadb/squash-tm/api/rest/latest/test-automation-servers/12 
 status=204, reason=No Content 
 headers={'Cache-Control': 'no-cache, no-store, max-age=0, must-revalidate', 'Content-Type': 'application/json;charset=UTF-8', 'Date': 'Thu, 02 Feb 2023 09:21:52 GMT', 'Expires': '0', 'Pragma': 'no-cache', 'Set-Cookie': 'JSESSIONID=D6F2AFA9AAE6F3F95D12EB4F11B29AE1; Path=/nightly-mariadb/squash-tm; HttpOnly', 'X-Content-Type-Options': 'nosniff', 'X-Frame-Options': 'DENY', 'X-Xss-Protection': '1; mode=block'} 
 body=None 
 </msg>
<status status="PASS" starttime="20230202 10:21:52.596" endtime="20230202 10:21:52.840"/>
</kw>
<kw name="Status Should Be" library="RequestsLibrary">
<arg>201</arg>
<arg>${resp}</arg>
<doc>Fails if response status code is different than the expected.</doc>
<status status="PASS" starttime="20230202 10:21:52.841" endtime="20230202 10:21:52.842"/>
</kw>
<tag>post</tag>
<status status="PASS" starttime="20230202 10:21:52.296" endtime="20230202 10:21:52.843"/>
</test>
<status status="PASS" starttime="20230202 10:21:52.155" endtime="20230202 10:21:52.846"/>
</suite>
<statistics>
<total>
<stat pass="1" fail="0" skip="0">All Tests</stat>
</total>
<tag>
<stat pass="1" fail="0" skip="0">post</stat>
</tag>
<suite>
<stat pass="1" fail="0" skip="0" id="s1" name="Squash">Squash</stat>
</suite>
</statistics>
<errors>
</errors>
</robot>
