<?xml version="1.0" encoding="UTF-8"?>
<robot generator="Robot 4.0.3 (Python 3.11.0 on win32)" generated="20230202 11:11:58.525" rpa="false" schemaversion="2">
<suite id="s1" name="Prestashop" source="c:\Users\aandre\Desktop\DepotGit\RequestLibrary\prestashop.robot">
<test id="s1-t1" name="POST and DELETE">
<kw name="Get File" library="OperatingSystem">
<var>${xml}</var>
<arg>RequestLibrary/test.xml</arg>
<doc>Returns the contents of a specified file.</doc>
<msg timestamp="20230202 11:11:58.684" level="INFO" html="true">Getting file '&lt;a href="file://C:\Users\aandre\Desktop\DepotGit\RequestLibrary\RequestLibrary\test.xml"&gt;C:\Users\aandre\Desktop\DepotGit\RequestLibrary\RequestLibrary\test.xml&lt;/a&gt;'.</msg>
<msg timestamp="20230202 11:11:58.685" level="FAIL">FileNotFoundError: [Errno 2] No such file or directory: 'C:\\Users\\aandre\\Desktop\\DepotGit\\RequestLibrary\\RequestLibrary\\test.xml'</msg>
<status status="FAIL" starttime="20230202 11:11:58.684" endtime="20230202 11:11:58.686"/>
</kw>
<kw name="Create Dictionary" library="BuiltIn">
<var>${header}</var>
<arg>Authorization=Basic ${BASE_64_TOKEN}</arg>
<arg>output_format=JSON</arg>
<doc>Creates and returns a dictionary based on the given ``items``.</doc>
<status status="NOT RUN" starttime="20230202 11:11:58.687" endtime="20230202 11:11:58.687"/>
</kw>
<kw name="POST" library="RequestsLibrary">
<var>${response}</var>
<arg>url=${endpoint}${URI}</arg>
<arg>headers=${header}</arg>
<arg>data=${xml}</arg>
<doc>Sends a POST request.</doc>
<status status="NOT RUN" starttime="20230202 11:11:58.688" endtime="20230202 11:11:58.688"/>
</kw>
<kw name="DELETE" library="RequestsLibrary">
<arg>url=${endpoint}${URI}${response.json()}[carrier][id]</arg>
<arg>headers=${header}</arg>
<doc>Sends a DELETE request.</doc>
<status status="NOT RUN" starttime="20230202 11:11:58.689" endtime="20230202 11:11:58.689"/>
</kw>
<status status="FAIL" starttime="20230202 11:11:58.683" endtime="20230202 11:11:58.690">FileNotFoundError: [Errno 2] No such file or directory: 'C:\\Users\\aandre\\Desktop\\DepotGit\\RequestLibrary\\RequestLibrary\\test.xml'</status>
</test>
<status status="FAIL" starttime="20230202 11:11:58.530" endtime="20230202 11:11:58.692"/>
</suite>
<statistics>
<total>
<stat pass="0" fail="1" skip="0">All Tests</stat>
</total>
<tag>
</tag>
<suite>
<stat pass="0" fail="1" skip="0" id="s1" name="Prestashop">Prestashop</stat>
</suite>
</statistics>
<errors>
<msg timestamp="20230202 11:11:58.678" level="ERROR">Error in file 'c:\Users\aandre\Desktop\DepotGit\RequestLibrary\prestashop.robot' on line 4: Invalid resource file extension '.xml'. Supported extensions are '.resource', '.robot', '.txt', '.tsv', '.rst' and '.rest'.</msg>
</errors>
</robot>
