<?xml version="1.0" encoding="UTF-8"?>
<robot generator="Robot 6.0.2 (Python 3.11.0 on win32)" generated="20230307 15:45:56.726" rpa="false" schemaversion="3">
<suite id="s1" name="Prestashop" source="c:\Users\kklepacka\source\repos\RequestsLib\prestashop.robot">
<test id="s1-t1" name="POST and DELETE" line="18">
<kw name="Get File" library="OperatingSystem">
<var>${xml}</var>
<arg>test.xml</arg>
<doc>Returns the contents of a specified file.</doc>
<msg timestamp="20230307 15:45:57.178" level="INFO" html="true">Getting file '&lt;a href="file://C:\Users\kklepacka\source\repos\RequestsLib\test.xml"&gt;C:\Users\kklepacka\source\repos\RequestsLib\test.xml&lt;/a&gt;'.</msg>
<msg timestamp="20230307 15:45:57.187" level="INFO">${xml} = &lt;prestashop xmlns:xlink="http://www.w3.org/1999/xlink"&gt;
  &lt;carrier&gt;
    &lt;name&gt;test&lt;/name&gt;
    &lt;active&gt;0&lt;/active&gt;
    &lt;delay&gt;
      &lt;language id="1"&gt;bla bla&lt;/language&gt;
      &lt;language id="2"&gt;coucou&lt;/la...</msg>
<status status="PASS" starttime="20230307 15:45:57.178" endtime="20230307 15:45:57.187"/>
</kw>
<kw name="Create Dictionary" library="BuiltIn">
<var>${header}</var>
<arg>Authorization=Basic ${BASE_64_TOKEN}</arg>
<arg>output_format=JSON</arg>
<doc>Creates and returns a dictionary based on the given ``items``.</doc>
<msg timestamp="20230307 15:45:57.193" level="INFO">${header} = {'Authorization': 'Basic SlQxSVZXR1FINTdFMUJWTjhSSDE4TFFJQkdVWktSN1Q6', 'output_format': 'JSON'}</msg>
<status status="PASS" starttime="20230307 15:45:57.190" endtime="20230307 15:45:57.193"/>
</kw>
<kw name="POST" library="RequestsLibrary">
<var>${response}</var>
<arg>url=${endpoint}${URI}</arg>
<arg>headers=${header}</arg>
<arg>data=${xml}</arg>
<doc>Sends a POST request.</doc>
<msg timestamp="20230307 15:45:57.464" level="INFO">POST Request : url=https://sut-test-adrian.squashcloud.io/api/carriers/ 
 path_url=/api/carriers/ 
 headers={'User-Agent': 'python-requests/2.28.2', 'Accept-Encoding': 'gzip, deflate', 'Accept': '*/*', 'Connection': 'keep-alive', 'Authorization': 'Basic SlQxSVZXR1FINTdFMUJWTjhSSDE4TFFJQkdVWktSN1Q6', 'output_format': 'JSON', 'Content-Length': '248'} 
 body=&lt;prestashop xmlns:xlink="http://www.w3.org/1999/xlink"&gt;
  &lt;carrier&gt;
    &lt;name&gt;test&lt;/name&gt;
    &lt;active&gt;0&lt;/active&gt;
    &lt;delay&gt;
      &lt;language id="1"&gt;bla bla&lt;/language&gt;
      &lt;language id="2"&gt;coucou&lt;/language&gt;
    &lt;/delay&gt;
  &lt;/carrier&gt;
&lt;/prestashop&gt;
 
 </msg>
<msg timestamp="20230307 15:45:57.464" level="INFO">POST Response : url=https://sut-test-adrian.squashcloud.io/api/carriers/ 
 status=201, reason=Created 
 headers={'Access-Time': '1678200357', 'Content-Length': '68', 'Content-Sha1': 'f1740246322b7e0009684ec7f6228e54e2e079f2', 'Content-Type': 'application/json', 'Date': 'Tue, 07 Mar 2023 14:45:57 GMT', 'Execution-Time': '0.019', 'Psws-Version': '8.0.0', 'Server': 'Apache', 'Set-Cookie': 'PrestaShop-b9331fb680d9ed908d128463ae955387=def50200b69609a3a2851e57608d4a40368b8403a65e61cf814f30a6574b8202d22367dd01c69680fbce6f29a3074cbe61b38534d450509d8d18b14af6ed69fecdfa8eb190eaf985cf084e528adfa38b790c31689ea9d217866a24aecc7bd56df4f1e7c4c03ef4dc3524264e8824bf3a5e100a9689844e57064c9ebeeda5b0de21ecec40a614eea79b56ef9dc3ff906712a3eb25bdc11f21c0093c120d5e728d9e2a009b10626da49a9d696d5ac33ffa8e80fc6f270f867ef9a39b4c9ba8eea7358b3e43b1580941fcfbb6105b8e53fe338e533e2aed596700; expires=Mon, 27-Mar-2023 14:45:57 GMT; Max-Age=1728000; path=/; domain=sut-test-adrian.squashcloud.io; secure; HttpOnly; SameSite=Lax', 'X-Powered-By': 'PrestaShop Webservice'} 
 body={"carrier":{"id":"35","name":"test","position":6,"delay":"bla bla"}} 
 </msg>
<msg timestamp="20230307 15:45:57.464" level="INFO">${response} = &lt;Response [201]&gt;</msg>
<status status="PASS" starttime="20230307 15:45:57.193" endtime="20230307 15:45:57.464"/>
</kw>
<kw name="DELETE" library="RequestsLibrary">
<arg>url=${endpoint}${URI}${response.json()}[carrier][id]</arg>
<arg>headers=${header}</arg>
<doc>Sends a DELETE request.</doc>
<msg timestamp="20230307 15:45:57.703" level="INFO">DELETE Request : url=https://sut-test-adrian.squashcloud.io/api/carriers/35 
 path_url=/api/carriers/35 
 headers={'User-Agent': 'python-requests/2.28.2', 'Accept-Encoding': 'gzip, deflate', 'Accept': '*/*', 'Connection': 'keep-alive', 'Authorization': 'Basic SlQxSVZXR1FINTdFMUJWTjhSSDE4TFFJQkdVWktSN1Q6', 'output_format': 'JSON', 'Content-Length': '0'} 
 body=None 
 </msg>
<msg timestamp="20230307 15:45:57.707" level="INFO">DELETE Response : url=https://sut-test-adrian.squashcloud.io/api/carriers/35 
 status=200, reason=OK 
 headers={'Access-Time': '1678200357', 'Content-Length': '0', 'Date': 'Tue, 07 Mar 2023 14:45:57 GMT', 'Execution-Time': '0.013', 'Psws-Version': '8.0.0', 'Server': 'Apache', 'Set-Cookie': 'PrestaShop-b9331fb680d9ed908d128463ae955387=def502005a34cbfa900f4e06b7c10298edc29e681d1b9797bd7c36c87c3be9c02391fafc073038233add8bc3ad40c2c01c18734532c085aad94c57351fb23e9da9e0a0a7f875303d1a012502aac84fdceb3fdaf80f1c724761771b0b358fdeb5e578e021d32a85776264251d0b65dd8a42aebbf5ec2ae7a952ad23699e54c5769d9c0785be3ea1d525a506acbcb6310b5678d2fc3852c0b8765878828bfd30a883d88930d85624d444cd4aaf7f0a5108c48d9a751490293f18b616a1acb26410352857c02e594fca0545af029b82fe7f16cd4e3f1de418ce05; expires=Mon, 27-Mar-2023 14:45:57 GMT; Max-Age=1728000; path=/; domain=sut-test-adrian.squashcloud.io; secure; HttpOnly; SameSite=Lax', 'X-Powered-By': 'PrestaShop Webservice'} 
 body=None 
 </msg>
<status status="PASS" starttime="20230307 15:45:57.468" endtime="20230307 15:45:57.708"/>
</kw>
<status status="PASS" starttime="20230307 15:45:57.174" endtime="20230307 15:45:57.721"/>
</test>
<status status="PASS" starttime="20230307 15:45:56.745" endtime="20230307 15:45:57.731"/>
</suite>
<statistics>
<total>
<stat pass="1" fail="0" skip="0">All Tests</stat>
</total>
<tag>
</tag>
<suite>
<stat pass="1" fail="0" skip="0" id="s1" name="Prestashop">Prestashop</stat>
</suite>
</statistics>
<errors>
</errors>
</robot>
