<?xml version="1.0" encoding="UTF-8"?>
<robot generator="Robot 4.0.3 (Python 3.11.0 on win32)" generated="20230202 10:56:49.136" rpa="false" schemaversion="2">
<suite id="s1" name="Prestashop" source="c:\Users\aandre\Desktop\DepotGit\RequestLibrary\prestashop.robot">
<test id="s1-t1" name="POST and DELETE">
<kw name="Get File" library="OperatingSystem">
<var>${xml}</var>
<arg>test.xml</arg>
<doc>Returns the contents of a specified file.</doc>
<msg timestamp="20230202 10:56:49.292" level="INFO" html="true">Getting file '&lt;a href="file://C:\Users\aandre\Desktop\DepotGit\RequestLibrary\test.xml"&gt;C:\Users\aandre\Desktop\DepotGit\RequestLibrary\test.xml&lt;/a&gt;'.</msg>
<msg timestamp="20230202 10:56:49.293" level="INFO">${xml} = &lt;prestashop xmlns:xlink="http://www.w3.org/1999/xlink"&gt;
  &lt;carrier&gt;
    &lt;name&gt;test&lt;/name&gt;
    &lt;active&gt;0&lt;/active&gt;
    &lt;delay&gt;
      &lt;language id="1"&gt;bla bla&lt;/language&gt;
      &lt;language id="2"&gt;coucou&lt;/la...</msg>
<status status="PASS" starttime="20230202 10:56:49.292" endtime="20230202 10:56:49.293"/>
</kw>
<kw name="Create Dictionary" library="BuiltIn">
<var>${header}</var>
<arg>Authorization=Basic ${BASE_64_TOKEN}</arg>
<arg>output_format=JSON</arg>
<doc>Creates and returns a dictionary based on the given ``items``.</doc>
<msg timestamp="20230202 10:56:49.295" level="INFO">${header} = {'Authorization': 'Basic SlQxSVZXR1FINTdFMUJWTjhSSDE4TFFJQkdVWktSN1Q6', 'output_format': 'JSON'}</msg>
<status status="PASS" starttime="20230202 10:56:49.294" endtime="20230202 10:56:49.295"/>
</kw>
<kw name="POST" library="RequestsLibrary">
<var>${response}</var>
<arg>url=${endpoint}${URI}</arg>
<arg>headers=${header}</arg>
<arg>data=${xml}</arg>
<doc>Sends a POST request.</doc>
<msg timestamp="20230202 10:56:49.416" level="INFO">POST Request : url=https://sut-test-adrian.squashcloud.io/api/carriers/ 
 path_url=/api/carriers/ 
 headers={'User-Agent': 'python-requests/2.28.1', 'Accept-Encoding': 'gzip, deflate', 'Accept': '*/*', 'Connection': 'keep-alive', 'Authorization': 'Basic SlQxSVZXR1FINTdFMUJWTjhSSDE4TFFJQkdVWktSN1Q6', 'output_format': 'JSON', 'Content-Length': '248'} 
 body=&lt;prestashop xmlns:xlink="http://www.w3.org/1999/xlink"&gt;
  &lt;carrier&gt;
    &lt;name&gt;test&lt;/name&gt;
    &lt;active&gt;0&lt;/active&gt;
    &lt;delay&gt;
      &lt;language id="1"&gt;bla bla&lt;/language&gt;
      &lt;language id="2"&gt;coucou&lt;/language&gt;
    &lt;/delay&gt;
  &lt;/carrier&gt;
&lt;/prestashop&gt;
 
 </msg>
<msg timestamp="20230202 10:56:49.417" level="INFO">POST Response : url=https://sut-test-adrian.squashcloud.io/api/carriers/ 
 status=201, reason=Created 
 headers={'Access-Time': '1675331809', 'Content-Length': '68', 'Content-Sha1': '96437b4b72b1a865ba9f813714013b96823500a9', 'Content-Type': 'application/json', 'Date': 'Thu, 02 Feb 2023 09:56:49 GMT', 'Execution-Time': '0.024', 'Psws-Version': '8.0.0', 'Server': 'Apache', 'Set-Cookie': 'PrestaShop-b9331fb680d9ed908d128463ae955387=def50200734c5fed7a16fe94ed4f299408f8804c9f5ce6b2d01d9afcfa9f68f838d2dc16e8099872beee81e7b55d873bc8cf09a07dd62228675521bc283dae709cc36ff8e25eeac0e53e0e6214634898636120420ca673696d52813807cae60f1bfe45c343514d2eb5fd3d49d508d5fcf73b279cc7a26f8968445c4cd1b60607052bc10ca5183ddd1439a8a854d53c9003adeb55f0da6fa7c9ed87874ba14e443f67a0d9139e4428cb0aee36cf2464b700d725975dd0ee9ed02fc3c61b43adb3caf60fc30d2617d8a19b92e6183a46dc4936c977ceb4367c4c; expires=Wed, 22-Feb-2023 09:56:49 GMT; Max-Age=1728000; path=/; domain=sut-test-adrian.squashcloud.io; secure; HttpOnly; SameSite=Lax', 'X-Powered-By': 'PrestaShop Webservice'} 
 body={"carrier":{"id":"30","name":"test","position":5,"delay":"bla bla"}} 
 </msg>
<msg timestamp="20230202 10:56:49.417" level="INFO">${response} = &lt;Response [201]&gt;</msg>
<status status="PASS" starttime="20230202 10:56:49.296" endtime="20230202 10:56:49.417"/>
</kw>
<kw name="DELETE" library="RequestsLibrary">
<arg>url=${endpoint}${URI}${response.json()}[carrier][id]</arg>
<arg>headers=${header}</arg>
<doc>Sends a DELETE request.</doc>
<msg timestamp="20230202 10:56:49.526" level="INFO">DELETE Request : url=https://sut-test-adrian.squashcloud.io/api/carriers/30 
 path_url=/api/carriers/30 
 headers={'User-Agent': 'python-requests/2.28.1', 'Accept-Encoding': 'gzip, deflate', 'Accept': '*/*', 'Connection': 'keep-alive', 'Authorization': 'Basic SlQxSVZXR1FINTdFMUJWTjhSSDE4TFFJQkdVWktSN1Q6', 'output_format': 'JSON', 'Content-Length': '0'} 
 body=None 
 </msg>
<msg timestamp="20230202 10:56:49.526" level="INFO">DELETE Response : url=https://sut-test-adrian.squashcloud.io/api/carriers/30 
 status=200, reason=OK 
 headers={'Access-Time': '1675331809', 'Content-Length': '0', 'Date': 'Thu, 02 Feb 2023 09:56:49 GMT', 'Execution-Time': '0.027', 'Psws-Version': '8.0.0', 'Server': 'Apache', 'Set-Cookie': 'PrestaShop-b9331fb680d9ed908d128463ae955387=def5020069e26fcd17fad6b687ccc0965fb1ea402d0fc15c9b2bb0afb3f91f5bd6ee9d5cc2c15f7ef60e0b7d771076f773af3f30a892a92a6f0e0ab0a122e19eb09239b50424b40cb91a1a478cdb9236a86679cbf0d191935d5aa894ec78e806e06fa0a44629811002378d52c213a7076f22ae9b66a9ca083fa9970ee554a3bee125abaa8c789cb2edc8e3540519887da990db0eca2f6a1dc0def4afc85ce85e0971ce4aad350e8888ca6df85de2852f4bfcb6b7d609e74536d13c1b3f1b5ff0de8d7a86201bc77003369c1df38261a978c8aeb0598b1c9055; expires=Wed, 22-Feb-2023 09:56:49 GMT; Max-Age=1728000; path=/; domain=sut-test-adrian.squashcloud.io; secure; HttpOnly; SameSite=Lax', 'X-Powered-By': 'PrestaShop Webservice'} 
 body=None 
 </msg>
<status status="PASS" starttime="20230202 10:56:49.418" endtime="20230202 10:56:49.527"/>
</kw>
<status status="PASS" starttime="20230202 10:56:49.291" endtime="20230202 10:56:49.527"/>
</test>
<status status="PASS" starttime="20230202 10:56:49.141" endtime="20230202 10:56:49.529"/>
</suite>
<statistics>
<total>
<stat pass="1" fail="0" skip="0">All Tests</stat>
</total>
<tag>
</tag>
<suite>
<stat pass="1" fail="0" skip="0" id="s1" name="Prestashop">Prestashop</stat>
</suite>
</statistics>
<errors>
<msg timestamp="20230202 10:56:49.286" level="ERROR">Error in file 'c:\Users\aandre\Desktop\DepotGit\RequestLibrary\prestashop.robot' on line 4: Invalid resource file extension '.xml'. Supported extensions are '.resource', '.robot', '.txt', '.tsv', '.rst' and '.rest'.</msg>
</errors>
</robot>
